<?xml version="1.0" encoding="UTF-8"?>
<!-- Generated by org.testng.reporters.JUnitReportReporter -->
<testsuite skipped="0" hostname="LAPTOP-6KSVJ6TI" name="api.API_Testing.PostRequest2" tests="1" failures="0" timestamp="14 Apr 2019 17:28:37 GMT" time="2.172" errors="0">
  <testcase name="automatingPostRequrst" time="2.172" classname="api.API_Testing.PostRequest2"/>
</testsuite> <!-- api.API_Testing.PostRequest2 -->
