<?xml version="1.0" encoding="UTF-8"?>
<!-- Generated by org.testng.reporters.JUnitReportReporter -->
<testsuite skipped="0" hostname="LAPTOP-6KSVJ6TI" name="api.API_Testing.GetRequestSaveResInFile2" tests="5" failures="0" timestamp="26 Mar 2019 20:32:52 GMT" time="2.859" errors="0">
  <testcase name="apiTest" time="0.133" classname="api.API_Testing.GetRequestSaveResInFile2"/>
  <testcase name="apiTest" time="0.163" classname="api.API_Testing.GetRequestSaveResInFile2"/>
  <testcase name="apiTest" time="0.152" classname="api.API_Testing.GetRequestSaveResInFile2"/>
  <testcase name="apiTest" time="2.267" classname="api.API_Testing.GetRequestSaveResInFile2"/>
  <testcase name="apiTest" time="0.144" classname="api.API_Testing.GetRequestSaveResInFile2"/>
</testsuite> <!-- api.API_Testing.GetRequestSaveResInFile2 -->
