<?xml version="1.0" encoding="UTF-8"?>
<!-- Generated by org.testng.reporters.JUnitReportReporter -->
<testsuite skipped="0" hostname="LAPTOP-6KSVJ6TI" name="api.API_Testing.ComJsonPostGetDel" tests="1" failures="0" timestamp="23 Mar 2019 08:34:32 GMT" time="3.138" errors="0">
  <testcase name="postCompJsonGetDel" time="3.138" classname="api.API_Testing.ComJsonPostGetDel"/>
</testsuite> <!-- api.API_Testing.ComJsonPostGetDel -->
